<?xml version="1.0" encoding="UTF-8"?>
<!-- Generated by org.testng.reporters.JUnitXMLReporter -->
<testsuite ignored="0" hostname="DESKTOP-4VSPG3O" failures="0" tests="8" name="computerdb" time="20.751" errors="0" timestamp="2023-10-10T17:19:19 NPT">
  <testcase classname="testscenarios.testcases" name="Computeredit" time="2.751"/>
  <testcase classname="testscenarios.testcases" name="Computeraddinvalidname" time="1.953"/>
  <testcase classname="testscenarios.testcases" name="Computeraddwrongintrodate" time="1.748"/>
  <testcase classname="testscenarios.testcases" name="Computeraddwrongdisdate" time="1.971"/>
  <testcase classname="testscenarios.testcases" name="Computeraddinvaliddisdate" time="1.911"/>
  <testcase classname="testscenarios.testcases" name="Computeraddvalid" time="2.195"/>
  <testcase classname="testscenarios.testcases" name="Computerdelete" time="1.846"/>
  <testcase classname="testscenarios.testcases" name="Computersearch" time="0.931"/>
</testsuite> <!-- computerdb -->
