<?xml version="1.0" encoding="UTF-8"?>
<testng-results ignored="0" total="8" passed="8" failed="0" skipped="0">
  <reporter-output>
  </reporter-output>
  <suite started-at="2023-10-10T17:18:58 NPT" name="Default Suite" finished-at="2023-10-10T17:19:19 NPT" duration-ms="20751">
    <groups>
    </groups>
    <test started-at="2023-10-10T17:18:58 NPT" name="computerdb" finished-at="2023-10-10T17:19:19 NPT" duration-ms="20751">
      <class name="testscenarios.testcases">
        <test-method is-config="true" signature="setup()[pri:0, instance:testscenarios.testcases@bdd2027]" started-at="2023-10-10T17:18:58 NPT" name="setup" finished-at="2023-10-10T17:19:03 NPT" duration-ms="4716" status="PASS">
          <reporter-output>
          </reporter-output>
        </test-method> <!-- setup -->
        <test-method signature="Computeredit()[pri:1, instance:testscenarios.testcases@bdd2027]" started-at="2023-10-10T17:19:03 NPT" name="Computeredit" finished-at="2023-10-10T17:19:06 NPT" duration-ms="2751" status="PASS">
          <reporter-output>
          </reporter-output>
        </test-method> <!-- Computeredit -->
        <test-method signature="Computeraddinvalidname()[pri:2, instance:testscenarios.testcases@bdd2027]" started-at="2023-10-10T17:19:06 NPT" name="Computeraddinvalidname" finished-at="2023-10-10T17:19:08 NPT" duration-ms="1953" status="PASS">
          <reporter-output>
          </reporter-output>
        </test-method> <!-- Computeraddinvalidname -->
        <test-method signature="Computeraddwrongintrodate()[pri:3, instance:testscenarios.testcases@bdd2027]" started-at="2023-10-10T17:19:08 NPT" name="Computeraddwrongintrodate" finished-at="2023-10-10T17:19:09 NPT" duration-ms="1748" status="PASS">
          <reporter-output>
          </reporter-output>
        </test-method> <!-- Computeraddwrongintrodate -->
        <test-method signature="Computeraddwrongdisdate()[pri:4, instance:testscenarios.testcases@bdd2027]" started-at="2023-10-10T17:19:09 NPT" name="Computeraddwrongdisdate" finished-at="2023-10-10T17:19:11 NPT" duration-ms="1971" status="PASS">
          <reporter-output>
          </reporter-output>
        </test-method> <!-- Computeraddwrongdisdate -->
        <test-method signature="Computeraddinvaliddisdate()[pri:5, instance:testscenarios.testcases@bdd2027]" started-at="2023-10-10T17:19:11 NPT" name="Computeraddinvaliddisdate" finished-at="2023-10-10T17:19:13 NPT" duration-ms="1911" status="PASS">
          <reporter-output>
          </reporter-output>
        </test-method> <!-- Computeraddinvaliddisdate -->
        <test-method signature="Computeraddvalid()[pri:6, instance:testscenarios.testcases@bdd2027]" started-at="2023-10-10T17:19:13 NPT" name="Computeraddvalid" finished-at="2023-10-10T17:19:15 NPT" duration-ms="2195" status="PASS">
          <reporter-output>
          </reporter-output>
        </test-method> <!-- Computeraddvalid -->
        <test-method signature="Computerdelete()[pri:7, instance:testscenarios.testcases@bdd2027]" started-at="2023-10-10T17:19:15 NPT" name="Computerdelete" finished-at="2023-10-10T17:19:17 NPT" duration-ms="1846" status="PASS">
          <reporter-output>
          </reporter-output>
        </test-method> <!-- Computerdelete -->
        <test-method signature="Computersearch()[pri:8, instance:testscenarios.testcases@bdd2027]" started-at="2023-10-10T17:19:17 NPT" name="Computersearch" finished-at="2023-10-10T17:19:18 NPT" duration-ms="931" status="PASS">
          <reporter-output>
          </reporter-output>
        </test-method> <!-- Computersearch -->
        <test-method is-config="true" signature="teardown()[pri:0, instance:testscenarios.testcases@bdd2027]" started-at="2023-10-10T17:19:18 NPT" name="teardown" finished-at="2023-10-10T17:19:19 NPT" duration-ms="669" status="PASS">
          <reporter-output>
          </reporter-output>
        </test-method> <!-- teardown -->
      </class> <!-- testscenarios.testcases -->
    </test> <!-- computerdb -->
  </suite> <!-- Default Suite -->
</testng-results>
